<?xml version="1.0" encoding="UTF-8"?>
<testng-results ignored="0" total="1" passed="1" failed="0" skipped="0">
  <reporter-output>
  </reporter-output>
  <suite started-at="2022-01-04T11:34:24 IST" name="Default suite" finished-at="2022-01-04T11:34:42 IST" duration-ms="18023">
    <groups>
    </groups>
    <test started-at="2022-01-04T11:34:24 IST" name="Default test" finished-at="2022-01-04T11:34:42 IST" duration-ms="18023">
      <class name="ActionClass.AlertHandling">
        <test-method signature="Launch()[pri:0, instance:ActionClass.AlertHandling@5d0a1059]" started-at="2022-01-04T11:34:24 IST" name="Launch" finished-at="2022-01-04T11:34:42 IST" duration-ms="17955" status="PASS">
          <reporter-output>
          </reporter-output>
        </test-method> <!-- Launch -->
      </class> <!-- ActionClass.AlertHandling -->
    </test> <!-- Default test -->
  </suite> <!-- Default suite -->
</testng-results>
