<?xml version="1.0" encoding="UTF-8"?>
<!-- Generated by org.testng.reporters.JUnitXMLReporter -->
<testsuite ignored="2" hostname="Kumar" failures="0" tests="3" name="Test" time="26.255" errors="0" timestamp="2021-12-19T19:14:01 IST">
  <testcase classname="TestNG.LoginTest" name="Forget_Password" time="5.943"/>
  <testcase classname="TestNG.LoginTest" name="Login" time="12.847"/>
  <testcase classname="TestNG.Home_Test" name="Logout" time="7.415"/>
  <testcase classname="TestNG.Execute_Ng" name="@AfterSuite Close" time="0.0">
    <ignored/>
  </testcase> <!-- @AfterSuite Close -->
  <testcase classname="TestNG.Execute_Ng" name="@BeforeSuite Launch_Browser" time="0.0">
    <ignored/>
  </testcase> <!-- @BeforeSuite Launch_Browser -->
</testsuite> <!-- Test -->
